app/build/intermediates/manifest_merge_blame_file/release/manifest-merger-blame-release-report.txt
1<?xml version="1.0" encoding="utf-8"?>
2<!--
3 Copyright (C) 2007 The Android Open Source Project
4
5     Licensed under the Apache License, Version 2.0 (the "License");
6     you may not use this file except in compliance with the License.
7     You may obtain a copy of the License at
8  
9          http://www.apache.org/licenses/LICENSE-2.0
10  
11     Unless required by applicable law or agreed to in writing, software
12     distributed under the License is distributed on an "AS IS" BASIS,
13     WITHOUT WARRANTIES OR CONDITIONS OF ANY KIND, either express or implied.
14     See the License for the specific language governing permissions and
15     limitations under the License.
16-->
17<!--
18 Declare the contents of this Android application.  The namespace
19     attribute brings in the Android platform namespace, and the package
20     supplies a unique name for the application.  When writing your
21     own application, the package name must be changed from "com.example.*"
22     to come from a domain that you own or have control over.
23-->
24<manifest xmlns:android="http://schemas.android.com/apk/res/android"
25    package="com.example.android.notepad" >
26
27    <uses-sdk
27-->src\main\AndroidManifest.xml:24:5-44
28        android:minSdkVersion="21"
28-->src\main\AndroidManifest.xml:24:15-41
29        android:targetSdkVersion="34" />
30
31    <uses-permission android:name="android.permission.READ_USER_DICTIONARY" />
31-->src\main\AndroidManifest.xml:26:5-78
31-->src\main\AndroidManifest.xml:26:22-76
32    <uses-permission android:name="android.permission.WRITE_USER_DICTIONARY" />
32-->src\main\AndroidManifest.xml:27:5-79
32-->src\main\AndroidManifest.xml:27:22-77
33
34    <application
34-->src\main\AndroidManifest.xml:29:5-130:19
35        android:extractNativeLibs="true"
36        android:icon="@drawable/app_notes"
36-->src\main\AndroidManifest.xml:29:18-52
37        android:label="@string/app_name"
37-->src\main\AndroidManifest.xml:30:9-41
38        android:theme="@android:style/Theme.Holo.Light" >
38-->src\main\AndroidManifest.xml:31:9-56
39        <provider
39-->src\main\AndroidManifest.xml:32:9-36:20
40            android:name="com.example.android.notepad.NotePadProvider"
40-->src\main\AndroidManifest.xml:32:19-50
41            android:authorities="com.google.provider.NotePad"
41-->src\main\AndroidManifest.xml:33:13-62
42            android:exported="false" >
42-->src\main\AndroidManifest.xml:34:13-37
43            <grant-uri-permission android:pathPattern=".*" />
43-->src\main\AndroidManifest.xml:35:13-62
43-->src\main\AndroidManifest.xml:35:35-59
44        </provider>
45
46        <activity
46-->src\main\AndroidManifest.xml:38:9-57:20
47            android:name="com.example.android.notepad.NotesList"
47-->src\main\AndroidManifest.xml:38:19-44
48            android:exported="true"
48-->src\main\AndroidManifest.xml:39:13-36
49            android:label="@string/title_notes_list" >
49-->src\main\AndroidManifest.xml:40:13-53
50            <intent-filter>
50-->src\main\AndroidManifest.xml:41:13-44:29
51                <action android:name="android.intent.action.MAIN" />
51-->src\main\AndroidManifest.xml:42:17-69
51-->src\main\AndroidManifest.xml:42:25-66
52
53                <category android:name="android.intent.category.LAUNCHER" />
53-->src\main\AndroidManifest.xml:43:17-77
53-->src\main\AndroidManifest.xml:43:27-74
54            </intent-filter>
55            <intent-filter>
55-->src\main\AndroidManifest.xml:45:13-51:29
56                <action android:name="android.intent.action.VIEW" />
56-->src\main\AndroidManifest.xml:46:17-69
56-->src\main\AndroidManifest.xml:46:25-66
57                <action android:name="android.intent.action.EDIT" />
57-->src\main\AndroidManifest.xml:47:17-69
57-->src\main\AndroidManifest.xml:47:25-66
58                <action android:name="android.intent.action.PICK" />
58-->src\main\AndroidManifest.xml:48:17-69
58-->src\main\AndroidManifest.xml:48:25-66
59
60                <category android:name="android.intent.category.DEFAULT" />
60-->src\main\AndroidManifest.xml:49:17-76
60-->src\main\AndroidManifest.xml:49:27-73
61
62                <data android:mimeType="vnd.android.cursor.dir/vnd.google.note" />
62-->src\main\AndroidManifest.xml:50:17-83
62-->src\main\AndroidManifest.xml:50:23-80
63            </intent-filter>
64            <intent-filter>
64-->src\main\AndroidManifest.xml:52:13-56:29
65                <action android:name="android.intent.action.GET_CONTENT" />
65-->src\main\AndroidManifest.xml:53:17-76
65-->src\main\AndroidManifest.xml:53:25-73
66
67                <category android:name="android.intent.category.DEFAULT" />
67-->src\main\AndroidManifest.xml:49:17-76
67-->src\main\AndroidManifest.xml:49:27-73
68
69                <data android:mimeType="vnd.android.cursor.item/vnd.google.note" />
69-->src\main\AndroidManifest.xml:50:17-83
69-->src\main\AndroidManifest.xml:50:23-80
70            </intent-filter>
71        </activity>
72        <activity
72-->src\main\AndroidManifest.xml:59:9-90:20
73            android:name="com.example.android.notepad.NoteEditor"
73-->src\main\AndroidManifest.xml:59:19-45
74            android:configChanges="keyboardHidden|orientation"
74-->src\main\AndroidManifest.xml:62:13-63
75            android:exported="true"
75-->src\main\AndroidManifest.xml:60:13-36
76            android:screenOrientation="sensor"
76-->src\main\AndroidManifest.xml:63:13-47
77            android:theme="@android:style/Theme.Holo.Light" >
77-->src\main\AndroidManifest.xml:61:13-60
78
79            <!--
80                 This filter says that we can view or edit the data of
81                 a single note
82            -->
83            <intent-filter android:label="@string/resolve_edit" >
83-->src\main\AndroidManifest.xml:69:13-75:29
83-->src\main\AndroidManifest.xml:69:28-64
84                <action android:name="android.intent.action.VIEW" />
84-->src\main\AndroidManifest.xml:46:17-69
84-->src\main\AndroidManifest.xml:46:25-66
85                <action android:name="android.intent.action.EDIT" />
85-->src\main\AndroidManifest.xml:47:17-69
85-->src\main\AndroidManifest.xml:47:25-66
86                <action android:name="com.android.notepad.action.EDIT_NOTE" />
86-->src\main\AndroidManifest.xml:72:17-79
86-->src\main\AndroidManifest.xml:72:25-76
87
88                <category android:name="android.intent.category.DEFAULT" />
88-->src\main\AndroidManifest.xml:49:17-76
88-->src\main\AndroidManifest.xml:49:27-73
89
90                <data android:mimeType="vnd.android.cursor.item/vnd.google.note" />
90-->src\main\AndroidManifest.xml:50:17-83
90-->src\main\AndroidManifest.xml:50:23-80
91            </intent-filter>
92
93            <!--
94                 This filter says that we can create a new note inside
95                 of a directory of notes.  The INSERT action creates an
96                 empty note; the PASTE action initializes a new note from
97                 the current contents of the clipboard.
98            -->
99            <intent-filter>
99-->src\main\AndroidManifest.xml:83:13-88:29
100                <action android:name="android.intent.action.INSERT" />
100-->src\main\AndroidManifest.xml:84:17-71
100-->src\main\AndroidManifest.xml:84:25-68
101                <action android:name="android.intent.action.PASTE" />
101-->src\main\AndroidManifest.xml:85:17-70
101-->src\main\AndroidManifest.xml:85:25-67
102
103                <category android:name="android.intent.category.DEFAULT" />
103-->src\main\AndroidManifest.xml:49:17-76
103-->src\main\AndroidManifest.xml:49:27-73
104
105                <data android:mimeType="vnd.android.cursor.dir/vnd.google.note" />
105-->src\main\AndroidManifest.xml:50:17-83
105-->src\main\AndroidManifest.xml:50:23-80
106            </intent-filter>
107        </activity>
108        <activity
108-->src\main\AndroidManifest.xml:92:9-119:20
109            android:name="com.example.android.notepad.TitleEditor"
109-->src\main\AndroidManifest.xml:92:19-46
110            android:exported="true"
110-->src\main\AndroidManifest.xml:93:13-36
111            android:icon="@drawable/ic_menu_edit"
111-->src\main\AndroidManifest.xml:95:13-50
112            android:label="@string/title_edit_title"
112-->src\main\AndroidManifest.xml:94:13-53
113            android:theme="@android:style/Theme.Holo.Dialog"
113-->src\main\AndroidManifest.xml:96:13-61
114            android:windowSoftInputMode="stateVisible" >
114-->src\main\AndroidManifest.xml:97:13-55
115
116            <!--
117                 This activity implements an alternative action that can be
118                 performed on notes: editing their title.  It can be used as
119                 a default operation if the user invokes this action, and is
120                 available as an alternative action for any note data.
121            -->
122            <intent-filter android:label="@string/resolve_title" >
122-->src\main\AndroidManifest.xml:105:13-118:29
122-->src\main\AndroidManifest.xml:105:28-65
123
124                <!--
125                     This action key opens the activity when the user performs an
126                     alternative action on note data. ACTION_INSERT means that the
127                     activity is inserting data, and ACTION_PASTE means that the
128                     activity is receiving data from the clipboard.
129                -->
130                <action android:name="com.android.notepad.action.EDIT_TITLE" />
130-->src\main\AndroidManifest.xml:112:17-80
130-->src\main\AndroidManifest.xml:112:25-77
131
132                <category android:name="android.intent.category.ALTERNATIVE" />
132-->src\main\AndroidManifest.xml:113:17-80
132-->src\main\AndroidManifest.xml:113:27-77
133                <category android:name="android.intent.category.SELECTED_ALTERNATIVE" />
133-->src\main\AndroidManifest.xml:114:17-89
133-->src\main\AndroidManifest.xml:114:27-86
134                <category android:name="android.intent.category.DEFAULT" />
134-->src\main\AndroidManifest.xml:49:17-76
134-->src\main\AndroidManifest.xml:49:27-73
135                <!-- This is the data type we operate on. -->
136                <data android:mimeType="vnd.android.cursor.item/vnd.google.note" />
136-->src\main\AndroidManifest.xml:50:17-83
136-->src\main\AndroidManifest.xml:50:23-80
137            </intent-filter>
138        </activity>
139        <activity
139-->src\main\AndroidManifest.xml:121:9-128:20
140            android:name="com.example.android.notepad.NotesLiveFolder"
140-->src\main\AndroidManifest.xml:121:19-50
141            android:exported="true"
141-->src\main\AndroidManifest.xml:121:51-74
142            android:icon="@drawable/live_folder_notes"
142-->src\main\AndroidManifest.xml:122:19-61
143            android:label="@string/live_folder_name" >
143-->src\main\AndroidManifest.xml:123:19-59
144            <intent-filter>
144-->src\main\AndroidManifest.xml:124:13-127:29
145                <action android:name="android.intent.action.CREATE_LIVE_FOLDER" />
145-->src\main\AndroidManifest.xml:125:17-83
145-->src\main\AndroidManifest.xml:125:25-80
146
147                <category android:name="android.intent.category.DEFAULT" />
147-->src\main\AndroidManifest.xml:49:17-76
147-->src\main\AndroidManifest.xml:49:27-73
148            </intent-filter>
149        </activity>
150    </application>
151
152</manifest>